Using pre-set license
Built from '2020.3/release' branch; Version is '2020.3.15f2 (6cf78cb77498) revision 7141260'; Using compiler version '192528614'; Build Type 'Release'
OS: 'Windows 10 Pro; OS build 19045.2965; Version 2009; 64bit' Language: 'en' Physical Memory: 16325 MB
BatchMode: 1, IsHumanControllingUs: 0, StartBugReporterOnCrash: 0, Is64bit: 1, IsPro: 0

 COMMAND LINE ARGUMENTS:
E:\Unity\2020.3.15f2\Editor\Unity.exe
-adb2
-batchMode
-noUpm
-name
AssetImportWorker0
-projectPath
E:/Unity Projects/Duel-of-Rites
-logFile
Logs/AssetImportWorker0.log
-srvPort
62395
Successfully changed project path to: E:/Unity Projects/Duel-of-Rites
E:/Unity Projects/Duel-of-Rites
Using Asset Import Pipeline V2.
Refreshing native plugins compatible for Editor in 78.95 ms, found 2 plugins.
Preloading 0 native plugins for Editor in 0.00 ms.
Initialize engine version: 2020.3.15f2 (6cf78cb77498)
[Subsystems] Discovering subsystems at path E:/Unity/2020.3.15f2/Editor/Data/Resources/UnitySubsystems
[Subsystems] Discovering subsystems at path E:/Unity Projects/Duel-of-Rites/Assets
GfxDevice: creating device client; threaded=0
Direct3D:
    Version:  Direct3D 11.0 [level 11.1]
    Renderer: NVIDIA GeForce GTX 1060 6GB (ID=0x1c03)
    Vendor:   
    VRAM:     6043 MB
    Driver:   31.0.15.2698
Initialize mono
Mono path[0] = 'E:/Unity/2020.3.15f2/Editor/Data/Managed'
Mono path[1] = 'E:/Unity/2020.3.15f2/Editor/Data/MonoBleedingEdge/lib/mono/unityjit'
Mono config path = 'E:/Unity/2020.3.15f2/Editor/Data/MonoBleedingEdge/etc'
Using monoOptions --debugger-agent=transport=dt_socket,embedding=1,server=y,suspend=n,address=127.0.0.1:56892
Begin MonoManager ReloadAssembly
Registering precompiled unity dll's ...
Register platform support module: E:/Unity/2020.3.15f2/Editor/Data/PlaybackEngines/WindowsStandaloneSupport/UnityEditor.WindowsStandalone.Extensions.dll
Registered in 0.002069 seconds.
Native extension for WindowsStandalone target not found
Refreshing native plugins compatible for Editor in 86.47 ms, found 2 plugins.
Preloading 0 native plugins for Editor in 0.00 ms.
Mono: successfully reloaded assembly
- Completed reload, in  1.232 seconds
Domain Reload Profiling:
	ReloadAssembly (1233ms)
		BeginReloadAssembly (78ms)
			ExecutionOrderSort (0ms)
			DisableScriptedObjects (0ms)
			BackupInstance (0ms)
			ReleaseScriptingObjects (0ms)
			CreateAndSetChildDomain (1ms)
		EndReloadAssembly (518ms)
			LoadAssemblies (76ms)
			RebuildTransferFunctionScriptingTraits (0ms)
			SetupTypeCache (184ms)
			ReleaseScriptCaches (0ms)
			RebuildScriptCaches (35ms)
			SetupLoadedEditorAssemblies (220ms)
				LogAssemblyErrors (0ms)
				InitializePlatformSupportModulesInManaged (5ms)
				SetLoadedEditorAssemblies (0ms)
				RefreshPlugins (87ms)
				BeforeProcessingInitializeOnLoad (10ms)
				ProcessInitializeOnLoadAttributes (87ms)
				ProcessInitializeOnLoadMethodAttributes (31ms)
				AfterProcessingInitializeOnLoad (0ms)
				EditorAssembliesLoaded (0ms)
			ExecutionOrderSort2 (0ms)
			AwakeInstancesAfterBackupRestoration (0ms)
Platform modules already initialized, skipping
Registering precompiled user dll's ...
Registered in 0.004594 seconds.
Begin MonoManager ReloadAssembly
Native extension for WindowsStandalone target not found
Refreshing native plugins compatible for Editor in 1.15 ms, found 2 plugins.
Preloading 0 native plugins for Editor in 0.00 ms.
Mono: successfully reloaded assembly
- Completed reload, in  1.268 seconds
Domain Reload Profiling:
	ReloadAssembly (1269ms)
		BeginReloadAssembly (174ms)
			ExecutionOrderSort (0ms)
			DisableScriptedObjects (4ms)
			BackupInstance (0ms)
			ReleaseScriptingObjects (0ms)
			CreateAndSetChildDomain (23ms)
		EndReloadAssembly (1022ms)
			LoadAssemblies (106ms)
			RebuildTransferFunctionScriptingTraits (0ms)
			SetupTypeCache (339ms)
			ReleaseScriptCaches (1ms)
			RebuildScriptCaches (51ms)
			SetupLoadedEditorAssemblies (426ms)
				LogAssemblyErrors (0ms)
				InitializePlatformSupportModulesInManaged (6ms)
				SetLoadedEditorAssemblies (1ms)
				RefreshPlugins (1ms)
				BeforeProcessingInitializeOnLoad (98ms)
				ProcessInitializeOnLoadAttributes (311ms)
				ProcessInitializeOnLoadMethodAttributes (5ms)
				AfterProcessingInitializeOnLoad (4ms)
				EditorAssembliesLoaded (0ms)
			ExecutionOrderSort2 (0ms)
			AwakeInstancesAfterBackupRestoration (7ms)
Platform modules already initialized, skipping
========================================================================
Worker process is ready to serve import requests
Launched and connected shader compiler UnityShaderCompiler.exe after 0.08 seconds
Refreshing native plugins compatible for Editor in 0.99 ms, found 2 plugins.
Preloading 0 native plugins for Editor in 0.00 ms.
Unloading 1511 Unused Serialized files (Serialized files now loaded: 0)
System memory in use before: 138.9 MB.
System memory in use after: 138.5 MB.

Unloading 21 unused Assets to reduce memory usage. Loaded Objects now: 1963.
Total: 2.837800 ms (FindLiveObjects: 0.158900 ms CreateObjectMapping: 0.050500 ms MarkObjects: 2.164400 ms  DeleteObjects: 0.462500 ms)

AssetImportParameters requested are different than current active one (requested -> active):
  custom:framework-win-MediaFoundation: 216162199b28c13a410421893ffa2e32 -> 
  custom:video-decoder-ogg-theora: a1e56fd34408186e4bbccfd4996cb3dc -> 
  custom:container-muxer-webm: aa71ff27fc2769a1b78a27578f13a17b -> 
  custom:container-demuxer-webm: 4f35f7cbe854078d1ac9338744f61a02 -> 
  custom:container-demuxer-ogg: 62fdf1f143b41e24485cea50d1cbac27 -> 
  custom:video-encoder-webm-vp8: eb34c28f22e8b96e1ab97ce403110664 -> 
  custom:video-codec-MediaFoundation-h265: 746d11721c4dcdbdad8f713fa42b33f4 -> 
  custom:video-decoder-webm-vp8: 9c59270c3fd7afecdb556c50c9e8de78 -> 
  custom:audio-decoder-ogg-vorbis: bf7c407c2cedff20999df2af8eb42d56 -> 
  custom:audio-encoder-webm-vorbis: bf7c407c2cedff20999df2af8eb42d56 -> 
========================================================================
Received Import Request.
  path: Assets/Polyart/PolyartStudio/DreamscapeTower/Scenes/Layers/Cliff.terrainlayer
  artifactKey: Guid(7f393fdd19617ad40850bdbb7f5e2eb4) Importer(815301076,1909f56bfc062723c751e8b465ee728b)
Start importing Assets/Polyart/PolyartStudio/DreamscapeTower/Scenes/Layers/Cliff.terrainlayer using Guid(7f393fdd19617ad40850bdbb7f5e2eb4) Importer(815301076,1909f56bfc062723c751e8b465ee728b)  -> (artifact id: '28d0aca4c7d4fca3f156a11d4d2143f0') in 0.174863 seconds 
  Import took 0.179026 seconds .

========================================================================
Received Import Request.
  Time since last request: 0.000361 seconds.
  path: Assets/Polyart/PolyartStudio/DreamscapeTower/Textures/Terrain/T_CliffTower_01_Mask.tif
  artifactKey: Guid(92e025df063f8fd47a91b7731d9f609d) Importer(815301076,1909f56bfc062723c751e8b465ee728b)
Start importing Assets/Polyart/PolyartStudio/DreamscapeTower/Textures/Terrain/T_CliffTower_01_Mask.tif using Guid(92e025df063f8fd47a91b7731d9f609d) Importer(815301076,1909f56bfc062723c751e8b465ee728b)  -> (artifact id: '85d813fd64e35bc86341c8d4a948c8c0') in 0.034380 seconds 
  Import took 0.038344 seconds .

========================================================================
Received Import Request.
  Time since last request: 0.000314 seconds.
  path: Assets/Polyart/PolyartStudio/DreamscapeTower/Textures/Terrain/T_CliffTower_01_N.png
  artifactKey: Guid(be64dfac24183654ab4db09aef4ceec1) Importer(815301076,1909f56bfc062723c751e8b465ee728b)
Start importing Assets/Polyart/PolyartStudio/DreamscapeTower/Textures/Terrain/T_CliffTower_01_N.png using Guid(be64dfac24183654ab4db09aef4ceec1) Importer(815301076,1909f56bfc062723c751e8b465ee728b)  -> (artifact id: '3de7c36ded15d58c49e7ad4b924bffc4') in 0.022858 seconds 
  Import took 0.026761 seconds .

========================================================================
Received Import Request.
  Time since last request: 0.000322 seconds.
  path: Assets/Polyart/PolyartStudio/DreamscapeTower/Textures/Terrain/T_CliffTower_01_C.png
  artifactKey: Guid(ec8ee5f91cfd4d94badc416a88494b8a) Importer(815301076,1909f56bfc062723c751e8b465ee728b)
Start importing Assets/Polyart/PolyartStudio/DreamscapeTower/Textures/Terrain/T_CliffTower_01_C.png using Guid(ec8ee5f91cfd4d94badc416a88494b8a) Importer(815301076,1909f56bfc062723c751e8b465ee728b)  -> (artifact id: '1984d236228015ffb3871e5bda24f547') in 0.009346 seconds 
  Import took 0.012476 seconds .

========================================================================
Received Import Request.
  Time since last request: 532.407395 seconds.
  path: Assets/Polyart/PolyartStudio/DreamscapeTower/Textures/Terrain/T_DirtRoad_01_C.png
  artifactKey: Guid(cc1932f5c23150b46af21f7f4777fbed) Importer(815301076,1909f56bfc062723c751e8b465ee728b)
Start importing Assets/Polyart/PolyartStudio/DreamscapeTower/Textures/Terrain/T_DirtRoad_01_C.png using Guid(cc1932f5c23150b46af21f7f4777fbed) Importer(815301076,1909f56bfc062723c751e8b465ee728b)  -> (artifact id: '9710de4df82ca0a963e3f2f73f19c31a') in 0.019085 seconds 
  Import took 0.023110 seconds .

========================================================================
Received Import Request.
  Time since last request: 0.002937 seconds.
  path: Assets/Polyart/PolyartStudio/DreamscapeTower/Textures/Terrain/T_DirtRoad_01_C.png
  artifactKey: Guid(cc1932f5c23150b46af21f7f4777fbed) Importer(815301076,1909f56bfc062723c751e8b465ee728b)
Start importing Assets/Polyart/PolyartStudio/DreamscapeTower/Textures/Terrain/T_DirtRoad_01_C.png using Guid(cc1932f5c23150b46af21f7f4777fbed) Importer(815301076,1909f56bfc062723c751e8b465ee728b)  -> (artifact id: '9710de4df82ca0a963e3f2f73f19c31a') in 0.010084 seconds 
  Import took 0.013963 seconds .

========================================================================
Received Import Request.
  Time since last request: 0.833257 seconds.
  path: Assets/Polyart/PolyartStudio/DreamscapeTower/Scenes/Layers/Dirt_Road.terrainlayer
  artifactKey: Guid(c78307cc9564f1c49b119966bff923ba) Importer(815301076,1909f56bfc062723c751e8b465ee728b)
Start importing Assets/Polyart/PolyartStudio/DreamscapeTower/Scenes/Layers/Dirt_Road.terrainlayer using Guid(c78307cc9564f1c49b119966bff923ba) Importer(815301076,1909f56bfc062723c751e8b465ee728b)  -> (artifact id: 'ef5d0a990aab3b06adfc8a8ba96e5cda') in 0.015510 seconds 
  Import took 0.019630 seconds .

========================================================================
Received Import Request.
  Time since last request: 0.000293 seconds.
  path: Assets/Polyart/PolyartStudio/DreamscapeTower/Textures/Terrain/T_DirtRoad_01_N.png
  artifactKey: Guid(d26d1c240edf4ae46994a1111babf544) Importer(815301076,1909f56bfc062723c751e8b465ee728b)
Start importing Assets/Polyart/PolyartStudio/DreamscapeTower/Textures/Terrain/T_DirtRoad_01_N.png using Guid(d26d1c240edf4ae46994a1111babf544) Importer(815301076,1909f56bfc062723c751e8b465ee728b)  -> (artifact id: '5b4fe5cd5ef54583e364e0fe8ecdbbac') in 0.013549 seconds 
  Import took 0.018017 seconds .

========================================================================
Received Import Request.
  Time since last request: 64.736549 seconds.
  path: Assets/Polyart/PolyartStudio/DreamscapeCampsite/Scenes/Layer_CampsiteCobbleStone.terrainlayer
  artifactKey: Guid(2bc448646b67373499296183ca216fec) Importer(815301076,1909f56bfc062723c751e8b465ee728b)
Start importing Assets/Polyart/PolyartStudio/DreamscapeCampsite/Scenes/Layer_CampsiteCobbleStone.terrainlayer using Guid(2bc448646b67373499296183ca216fec) Importer(815301076,1909f56bfc062723c751e8b465ee728b)  -> (artifact id: '55548bfae3ced1442bee786ba84ae643') in 0.039496 seconds 
  Import took 0.043055 seconds .

========================================================================
Received Import Request.
  Time since last request: 81.654993 seconds.
  path: Assets/Polyart/PolyartStudio/DreamscapeMountains/Textures/Detail/T_RockDetail_Large_C.png
  artifactKey: Guid(d55691f7c22a4eb4abfdff6649e8d488) Importer(815301076,1909f56bfc062723c751e8b465ee728b)
Start importing Assets/Polyart/PolyartStudio/DreamscapeMountains/Textures/Detail/T_RockDetail_Large_C.png using Guid(d55691f7c22a4eb4abfdff6649e8d488) Importer(815301076,1909f56bfc062723c751e8b465ee728b)  -> (artifact id: '46f0a8ebe1577c8c6089339d6fb66893') in 0.010064 seconds 
  Import took 0.014782 seconds .

========================================================================
Received Import Request.
  Time since last request: 0.001149 seconds.
  path: Assets/Polyart/PolyartStudio/DreamscapeMountains/Textures/Detail/T_RockDetail_Large_C.png
  artifactKey: Guid(d55691f7c22a4eb4abfdff6649e8d488) Importer(815301076,1909f56bfc062723c751e8b465ee728b)
Start importing Assets/Polyart/PolyartStudio/DreamscapeMountains/Textures/Detail/T_RockDetail_Large_C.png using Guid(d55691f7c22a4eb4abfdff6649e8d488) Importer(815301076,1909f56bfc062723c751e8b465ee728b)  -> (artifact id: '46f0a8ebe1577c8c6089339d6fb66893') in 0.015645 seconds 
  Import took 0.019681 seconds .

========================================================================
Received Prepare
Registering precompiled user dll's ...
Registered in 0.005240 seconds.
Begin MonoManager ReloadAssembly
Native extension for WindowsStandalone target not found
Refreshing native plugins compatible for Editor in 1.04 ms, found 2 plugins.
Preloading 0 native plugins for Editor in 0.00 ms.
Mono: successfully reloaded assembly
- Completed reload, in  1.238 seconds
Domain Reload Profiling:
	ReloadAssembly (1239ms)
		BeginReloadAssembly (138ms)
			ExecutionOrderSort (0ms)
			DisableScriptedObjects (5ms)
			BackupInstance (0ms)
			ReleaseScriptingObjects (0ms)
			CreateAndSetChildDomain (38ms)
		EndReloadAssembly (1038ms)
			LoadAssemblies (104ms)
			RebuildTransferFunctionScriptingTraits (0ms)
			SetupTypeCache (381ms)
			ReleaseScriptCaches (1ms)
			RebuildScriptCaches (45ms)
			SetupLoadedEditorAssemblies (419ms)
				LogAssemblyErrors (0ms)
				InitializePlatformSupportModulesInManaged (6ms)
				SetLoadedEditorAssemblies (0ms)
				RefreshPlugins (1ms)
				BeforeProcessingInitializeOnLoad (90ms)
				ProcessInitializeOnLoadAttributes (311ms)
				ProcessInitializeOnLoadMethodAttributes (5ms)
				AfterProcessingInitializeOnLoad (5ms)
				EditorAssembliesLoaded (1ms)
			ExecutionOrderSort2 (0ms)
			AwakeInstancesAfterBackupRestoration (8ms)
Platform modules already initialized, skipping
Refreshing native plugins compatible for Editor in 1.32 ms, found 2 plugins.
Preloading 0 native plugins for Editor in 0.00 ms.
Unloading 1456 Unused Serialized files (Serialized files now loaded: 0)
System memory in use before: 136.8 MB.
System memory in use after: 136.5 MB.

Unloading 16 unused Assets to reduce memory usage. Loaded Objects now: 1973.
Total: 3.355000 ms (FindLiveObjects: 0.235200 ms CreateObjectMapping: 0.121700 ms MarkObjects: 2.616000 ms  DeleteObjects: 0.380800 ms)

AssetImportParameters requested are different than current active one (requested -> active):
  custom:framework-win-MediaFoundation: 216162199b28c13a410421893ffa2e32 -> 
  custom:video-decoder-ogg-theora: a1e56fd34408186e4bbccfd4996cb3dc -> 
  custom:container-muxer-webm: aa71ff27fc2769a1b78a27578f13a17b -> 
  custom:container-demuxer-webm: 4f35f7cbe854078d1ac9338744f61a02 -> 
  custom:container-demuxer-ogg: 62fdf1f143b41e24485cea50d1cbac27 -> 
  custom:video-encoder-webm-vp8: eb34c28f22e8b96e1ab97ce403110664 -> 
  custom:video-codec-MediaFoundation-h265: 746d11721c4dcdbdad8f713fa42b33f4 -> 
  custom:video-decoder-webm-vp8: 9c59270c3fd7afecdb556c50c9e8de78 -> 
  custom:audio-decoder-ogg-vorbis: bf7c407c2cedff20999df2af8eb42d56 -> 
  custom:audio-encoder-webm-vorbis: bf7c407c2cedff20999df2af8eb42d56 -> 
========================================================================
Received Import Request.
  Time since last request: 284.569216 seconds.
  path: Assets/Polyart/PolyartStudio/DreamscapeTower/Meshes/Trees/SM_TreeTower_06.fbx
  artifactKey: Guid(bce661a9b1f811946916c058e9c7b93e) Importer(815301076,1909f56bfc062723c751e8b465ee728b)
Start importing Assets/Polyart/PolyartStudio/DreamscapeTower/Meshes/Trees/SM_TreeTower_06.fbx using Guid(bce661a9b1f811946916c058e9c7b93e) Importer(815301076,1909f56bfc062723c751e8b465ee728b)  -> (artifact id: '3d3c852332ea3d292e1ff70203a713e6') in 0.373332 seconds 
  Import took 0.377466 seconds .

========================================================================
Received Import Request.
  Time since last request: 147.972587 seconds.
  path: Assets/Polyart/PolyartStudio/DreamscapeTower/Meshes/Trees/Old/SM_Tree_D_02.fbx
  artifactKey: Guid(c2d55d2e2c6c5244d8b2e332d25f175d) Importer(815301076,1909f56bfc062723c751e8b465ee728b)
Start importing Assets/Polyart/PolyartStudio/DreamscapeTower/Meshes/Trees/Old/SM_Tree_D_02.fbx using Guid(c2d55d2e2c6c5244d8b2e332d25f175d) Importer(815301076,1909f56bfc062723c751e8b465ee728b)  -> (artifact id: 'c57c44d665a51180ac84ad26bd0ebb3d') in 0.195325 seconds 
  Import took 0.199815 seconds .

========================================================================
Received Import Request.
  Time since last request: 105.053503 seconds.
  path: Assets/Polyart/PolyartStudio/DreamscapeTower/Prefabs/Foliage/Old/Grass_Medium.prefab
  artifactKey: Guid(26a7f3a02ef929044b23943883e8aa25) Importer(815301076,1909f56bfc062723c751e8b465ee728b)
Start importing Assets/Polyart/PolyartStudio/DreamscapeTower/Prefabs/Foliage/Old/Grass_Medium.prefab using Guid(26a7f3a02ef929044b23943883e8aa25) Importer(815301076,1909f56bfc062723c751e8b465ee728b)  -> (artifact id: '0eb480d135c8b2d2c6daa94f449a4ee0') in 0.018914 seconds 
  Import took 0.022804 seconds .

========================================================================
Received Import Request.
  Time since last request: 82.918780 seconds.
  path: Assets/LowPolyVillagers/Lowpoly_Environments/Prefabs/Plants/PT_Grass_01.prefab
  artifactKey: Guid(d0a220c4e9303914d88d417444a10971) Importer(815301076,1909f56bfc062723c751e8b465ee728b)
Start importing Assets/LowPolyVillagers/Lowpoly_Environments/Prefabs/Plants/PT_Grass_01.prefab using Guid(d0a220c4e9303914d88d417444a10971) Importer(815301076,1909f56bfc062723c751e8b465ee728b)  -> (artifact id: '979a8a4144bd7aa154400530d442168e') in 0.073505 seconds 
  Import took 0.077219 seconds .

========================================================================
Received Import Request.
  Time since last request: 44.471157 seconds.
  path: Assets/Polyart/PolyartStudio/DreamscapeMeadows/Meshes/Grass/SM_Grass_Group_01_Basic.fbx
  artifactKey: Guid(e68e0fba2d0f20644aeed054438a8e80) Importer(815301076,1909f56bfc062723c751e8b465ee728b)
Start importing Assets/Polyart/PolyartStudio/DreamscapeMeadows/Meshes/Grass/SM_Grass_Group_01_Basic.fbx using Guid(e68e0fba2d0f20644aeed054438a8e80) Importer(815301076,1909f56bfc062723c751e8b465ee728b)  -> (artifact id: '98bd0f671d284cee5e19f2d59666a6fe') in 0.030972 seconds 
  Import took 0.035287 seconds .

========================================================================
Received Import Request.
  Time since last request: 134.392098 seconds.
  path: Assets/Polyart/PolyartStudio/DreamscapeTower/Meshes/Foliage/SM_FlowerField_01.fbx
  artifactKey: Guid(850e1129ea6976543afd3745f66c1a6e) Importer(815301076,1909f56bfc062723c751e8b465ee728b)
Start importing Assets/Polyart/PolyartStudio/DreamscapeTower/Meshes/Foliage/SM_FlowerField_01.fbx using Guid(850e1129ea6976543afd3745f66c1a6e) Importer(815301076,1909f56bfc062723c751e8b465ee728b)  -> (artifact id: 'a7fc185b8c123cddd9286c428f8ebd5f') in 0.065728 seconds 
  Import took 0.070600 seconds .

========================================================================
Received Prepare
Registering precompiled user dll's ...
Registered in 0.003992 seconds.
Begin MonoManager ReloadAssembly
Native extension for WindowsStandalone target not found
Refreshing native plugins compatible for Editor in 0.88 ms, found 2 plugins.
Preloading 0 native plugins for Editor in 0.00 ms.
Mono: successfully reloaded assembly
- Completed reload, in  1.099 seconds
Domain Reload Profiling:
	ReloadAssembly (1100ms)
		BeginReloadAssembly (133ms)
			ExecutionOrderSort (0ms)
			DisableScriptedObjects (4ms)
			BackupInstance (0ms)
			ReleaseScriptingObjects (0ms)
			CreateAndSetChildDomain (37ms)
		EndReloadAssembly (906ms)
			LoadAssemblies (98ms)
			RebuildTransferFunctionScriptingTraits (0ms)
			SetupTypeCache (296ms)
			ReleaseScriptCaches (1ms)
			RebuildScriptCaches (35ms)
			SetupLoadedEditorAssemblies (369ms)
				LogAssemblyErrors (0ms)
				InitializePlatformSupportModulesInManaged (4ms)
				SetLoadedEditorAssemblies (0ms)
				RefreshPlugins (1ms)
				BeforeProcessingInitializeOnLoad (79ms)
				ProcessInitializeOnLoadAttributes (276ms)
				ProcessInitializeOnLoadMethodAttributes (4ms)
				AfterProcessingInitializeOnLoad (4ms)
				EditorAssembliesLoaded (0ms)
			ExecutionOrderSort2 (0ms)
			AwakeInstancesAfterBackupRestoration (7ms)
Platform modules already initialized, skipping
Refreshing native plugins compatible for Editor in 0.91 ms, found 2 plugins.
Preloading 0 native plugins for Editor in 0.00 ms.
Unloading 1456 Unused Serialized files (Serialized files now loaded: 0)
System memory in use before: 137.3 MB.
System memory in use after: 136.9 MB.

Unloading 16 unused Assets to reduce memory usage. Loaded Objects now: 1984.
Total: 2.956900 ms (FindLiveObjects: 0.273500 ms CreateObjectMapping: 0.111700 ms MarkObjects: 2.251800 ms  DeleteObjects: 0.318800 ms)

AssetImportParameters requested are different than current active one (requested -> active):
  custom:framework-win-MediaFoundation: 216162199b28c13a410421893ffa2e32 -> 
  custom:video-decoder-ogg-theora: a1e56fd34408186e4bbccfd4996cb3dc -> 
  custom:container-muxer-webm: aa71ff27fc2769a1b78a27578f13a17b -> 
  custom:container-demuxer-webm: 4f35f7cbe854078d1ac9338744f61a02 -> 
  custom:container-demuxer-ogg: 62fdf1f143b41e24485cea50d1cbac27 -> 
  custom:video-encoder-webm-vp8: eb34c28f22e8b96e1ab97ce403110664 -> 
  custom:video-codec-MediaFoundation-h265: 746d11721c4dcdbdad8f713fa42b33f4 -> 
  custom:video-decoder-webm-vp8: 9c59270c3fd7afecdb556c50c9e8de78 -> 
  custom:audio-decoder-ogg-vorbis: bf7c407c2cedff20999df2af8eb42d56 -> 
  custom:audio-encoder-webm-vorbis: bf7c407c2cedff20999df2af8eb42d56 -> 
========================================================================
Received Import Request.
  Time since last request: 141.582834 seconds.
  path: Assets/Polyart/PolyartStudio/DreamscapeMeadows/Prefabs/Grass/Prefab_Grass_02.prefab
  artifactKey: Guid(1f8b97ef7181ef145a4563be5cae4437) Importer(815301076,1909f56bfc062723c751e8b465ee728b)
Start importing Assets/Polyart/PolyartStudio/DreamscapeMeadows/Prefabs/Grass/Prefab_Grass_02.prefab using Guid(1f8b97ef7181ef145a4563be5cae4437) Importer(815301076,1909f56bfc062723c751e8b465ee728b)  -> (artifact id: 'c28590148da95ce48f0d134fd6abd6c6') in 0.074343 seconds 
  Import took 0.078668 seconds .

========================================================================
Received Import Request.
  Time since last request: 74.555843 seconds.
  path: Assets/Polyart/PolyartStudio/DreamscapeTower/Meshes/Foliage/SM_Vines_Large_01.fbx
  artifactKey: Guid(e2d2ae9127547a2449a940a45470610a) Importer(815301076,1909f56bfc062723c751e8b465ee728b)
Start importing Assets/Polyart/PolyartStudio/DreamscapeTower/Meshes/Foliage/SM_Vines_Large_01.fbx using Guid(e2d2ae9127547a2449a940a45470610a) Importer(815301076,1909f56bfc062723c751e8b465ee728b)  -> (artifact id: 'bb54fc6305925f1994051f2716c3aa6b') in 0.072179 seconds 
  Import took 0.076728 seconds .

========================================================================
Received Prepare
Registering precompiled user dll's ...
Registered in 0.007022 seconds.
Begin MonoManager ReloadAssembly
Native extension for WindowsStandalone target not found
Refreshing native plugins compatible for Editor in 4.93 ms, found 2 plugins.
Preloading 0 native plugins for Editor in 0.00 ms.
Mono: successfully reloaded assembly
- Completed reload, in  2.204 seconds
Domain Reload Profiling:
	ReloadAssembly (2205ms)
		BeginReloadAssembly (303ms)
			ExecutionOrderSort (0ms)
			DisableScriptedObjects (12ms)
			BackupInstance (0ms)
			ReleaseScriptingObjects (0ms)
			CreateAndSetChildDomain (95ms)
		EndReloadAssembly (1768ms)
			LoadAssemblies (224ms)
			RebuildTransferFunctionScriptingTraits (0ms)
			SetupTypeCache (562ms)
			ReleaseScriptCaches (1ms)
			RebuildScriptCaches (72ms)
			SetupLoadedEditorAssemblies (810ms)
				LogAssemblyErrors (0ms)
				InitializePlatformSupportModulesInManaged (15ms)
				SetLoadedEditorAssemblies (1ms)
				RefreshPlugins (5ms)
				BeforeProcessingInitializeOnLoad (184ms)
				ProcessInitializeOnLoadAttributes (593ms)
				ProcessInitializeOnLoadMethodAttributes (5ms)
				AfterProcessingInitializeOnLoad (6ms)
				EditorAssembliesLoaded (0ms)
			ExecutionOrderSort2 (0ms)
			AwakeInstancesAfterBackupRestoration (11ms)
Platform modules already initialized, skipping
Refreshing native plugins compatible for Editor in 4.44 ms, found 2 plugins.
Preloading 0 native plugins for Editor in 0.00 ms.
Unloading 1456 Unused Serialized files (Serialized files now loaded: 0)
System memory in use before: 137.3 MB.
System memory in use after: 137.0 MB.

Unloading 16 unused Assets to reduce memory usage. Loaded Objects now: 1988.
Total: 7.425900 ms (FindLiveObjects: 0.377300 ms CreateObjectMapping: 0.065300 ms MarkObjects: 6.104400 ms  DeleteObjects: 0.876000 ms)

AssetImportParameters requested are different than current active one (requested -> active):
  custom:framework-win-MediaFoundation: 216162199b28c13a410421893ffa2e32 -> 
  custom:video-decoder-ogg-theora: a1e56fd34408186e4bbccfd4996cb3dc -> 
  custom:container-muxer-webm: aa71ff27fc2769a1b78a27578f13a17b -> 
  custom:container-demuxer-webm: 4f35f7cbe854078d1ac9338744f61a02 -> 
  custom:container-demuxer-ogg: 62fdf1f143b41e24485cea50d1cbac27 -> 
  custom:video-encoder-webm-vp8: eb34c28f22e8b96e1ab97ce403110664 -> 
  custom:video-codec-MediaFoundation-h265: 746d11721c4dcdbdad8f713fa42b33f4 -> 
  custom:video-decoder-webm-vp8: 9c59270c3fd7afecdb556c50c9e8de78 -> 
  custom:audio-decoder-ogg-vorbis: bf7c407c2cedff20999df2af8eb42d56 -> 
  custom:audio-encoder-webm-vorbis: bf7c407c2cedff20999df2af8eb42d56 -> 
========================================================================
Received Prepare
Registering precompiled user dll's ...
Registered in 0.004729 seconds.
Begin MonoManager ReloadAssembly
Native extension for WindowsStandalone target not found
Refreshing native plugins compatible for Editor in 1.38 ms, found 2 plugins.
Preloading 0 native plugins for Editor in 0.00 ms.
Mono: successfully reloaded assembly
- Completed reload, in  1.326 seconds
Domain Reload Profiling:
	ReloadAssembly (1327ms)
		BeginReloadAssembly (159ms)
			ExecutionOrderSort (0ms)
			DisableScriptedObjects (7ms)
			BackupInstance (0ms)
			ReleaseScriptingObjects (0ms)
			CreateAndSetChildDomain (46ms)
		EndReloadAssembly (1090ms)
			LoadAssemblies (124ms)
			RebuildTransferFunctionScriptingTraits (0ms)
			SetupTypeCache (377ms)
			ReleaseScriptCaches (1ms)
			RebuildScriptCaches (52ms)
			SetupLoadedEditorAssemblies (441ms)
				LogAssemblyErrors (0ms)
				InitializePlatformSupportModulesInManaged (6ms)
				SetLoadedEditorAssemblies (1ms)
				RefreshPlugins (1ms)
				BeforeProcessingInitializeOnLoad (104ms)
				ProcessInitializeOnLoadAttributes (319ms)
				ProcessInitializeOnLoadMethodAttributes (5ms)
				AfterProcessingInitializeOnLoad (4ms)
				EditorAssembliesLoaded (0ms)
			ExecutionOrderSort2 (0ms)
			AwakeInstancesAfterBackupRestoration (7ms)
Platform modules already initialized, skipping
Refreshing native plugins compatible for Editor in 1.23 ms, found 2 plugins.
Preloading 0 native plugins for Editor in 0.00 ms.
Unloading 1456 Unused Serialized files (Serialized files now loaded: 0)
System memory in use before: 137.4 MB.
System memory in use after: 137.1 MB.

Unloading 16 unused Assets to reduce memory usage. Loaded Objects now: 1991.
Total: 4.606900 ms (FindLiveObjects: 0.170700 ms CreateObjectMapping: 0.048100 ms MarkObjects: 3.934900 ms  DeleteObjects: 0.451200 ms)

AssetImportParameters requested are different than current active one (requested -> active):
  custom:framework-win-MediaFoundation: 216162199b28c13a410421893ffa2e32 -> 
  custom:video-decoder-ogg-theora: a1e56fd34408186e4bbccfd4996cb3dc -> 
  custom:container-muxer-webm: aa71ff27fc2769a1b78a27578f13a17b -> 
  custom:container-demuxer-webm: 4f35f7cbe854078d1ac9338744f61a02 -> 
  custom:container-demuxer-ogg: 62fdf1f143b41e24485cea50d1cbac27 -> 
  custom:video-encoder-webm-vp8: eb34c28f22e8b96e1ab97ce403110664 -> 
  custom:video-codec-MediaFoundation-h265: 746d11721c4dcdbdad8f713fa42b33f4 -> 
  custom:video-decoder-webm-vp8: 9c59270c3fd7afecdb556c50c9e8de78 -> 
  custom:audio-decoder-ogg-vorbis: bf7c407c2cedff20999df2af8eb42d56 -> 
  custom:audio-encoder-webm-vorbis: bf7c407c2cedff20999df2af8eb42d56 -> 
========================================================================
Received Import Request.
  Time since last request: 432.168018 seconds.
  path: Assets/Props/Rocks/Textures
  artifactKey: Guid(709939f4136c31c49a51d99f77355585) Importer(815301076,1909f56bfc062723c751e8b465ee728b)
Start importing Assets/Props/Rocks/Textures using Guid(709939f4136c31c49a51d99f77355585) Importer(815301076,1909f56bfc062723c751e8b465ee728b)  -> (artifact id: '64134c286630ce6da7d598f807199c2e') in 0.007298 seconds 
  Import took 0.012634 seconds .

========================================================================
Received Import Request.
  Time since last request: 0.088656 seconds.
  path: Assets/Props/Rocks/Textures/Rocks_Albedo.tga
  artifactKey: Guid(f0102ef20d33d8440a7dd5995efa5893) Importer(815301076,1909f56bfc062723c751e8b465ee728b)
Start importing Assets/Props/Rocks/Textures/Rocks_Albedo.tga using Guid(f0102ef20d33d8440a7dd5995efa5893) Importer(815301076,1909f56bfc062723c751e8b465ee728b)  -> (artifact id: '6e1fb65f42bb1c5cfaadb6836318b9e7') in 0.148400 seconds 
  Import took 0.152520 seconds .

========================================================================
Received Import Request.
  Time since last request: 0.000270 seconds.
  path: Assets/Props/Rocks/Textures/Rocks_Normal.tga
  artifactKey: Guid(03810c87ff825f44892b32b1a8090888) Importer(815301076,1909f56bfc062723c751e8b465ee728b)
Start importing Assets/Props/Rocks/Textures/Rocks_Normal.tga using Guid(03810c87ff825f44892b32b1a8090888) Importer(815301076,1909f56bfc062723c751e8b465ee728b)  -> (artifact id: '735d80e142fcba5c3e783903146a361e') in 0.098323 seconds 
  Import took 0.101171 seconds .

========================================================================
Received Import Request.
  Time since last request: 3.049672 seconds.
  path: Assets/New Terrain.asset
  artifactKey: Guid(93e5c198586531e45a1b843ba40943ad) Importer(815301076,1909f56bfc062723c751e8b465ee728b)
Start importing Assets/New Terrain.asset using Guid(93e5c198586531e45a1b843ba40943ad) Importer(815301076,1909f56bfc062723c751e8b465ee728b) The tree SM_Grass_Group_01_Basic must use the Nature/Soft Occlusion shader. Otherwise billboarding/lighting will not work correctly.

 -> (artifact id: 'cb01ab7f8620d83d301fd988da9b8307') in 0.206387 seconds 
  Import took 0.211790 seconds .

========================================================================
Received Prepare
Registering precompiled user dll's ...
Registered in 0.004495 seconds.
Begin MonoManager ReloadAssembly
Native extension for WindowsStandalone target not found
Refreshing native plugins compatible for Editor in 1.44 ms, found 2 plugins.
Preloading 0 native plugins for Editor in 0.00 ms.
Mono: successfully reloaded assembly
- Completed reload, in  1.166 seconds
Domain Reload Profiling:
	ReloadAssembly (1166ms)
		BeginReloadAssembly (135ms)
			ExecutionOrderSort (0ms)
			DisableScriptedObjects (7ms)
			BackupInstance (0ms)
			ReleaseScriptingObjects (0ms)
			CreateAndSetChildDomain (38ms)
		EndReloadAssembly (969ms)
			LoadAssemblies (110ms)
			RebuildTransferFunctionScriptingTraits (0ms)
			SetupTypeCache (320ms)
			ReleaseScriptCaches (2ms)
			RebuildScriptCaches (48ms)
			SetupLoadedEditorAssemblies (407ms)
				LogAssemblyErrors (0ms)
				InitializePlatformSupportModulesInManaged (6ms)
				SetLoadedEditorAssemblies (1ms)
				RefreshPlugins (2ms)
				BeforeProcessingInitializeOnLoad (86ms)
				ProcessInitializeOnLoadAttributes (305ms)
				ProcessInitializeOnLoadMethodAttributes (4ms)
				AfterProcessingInitializeOnLoad (3ms)
				EditorAssembliesLoaded (0ms)
			ExecutionOrderSort2 (0ms)
			AwakeInstancesAfterBackupRestoration (7ms)
Platform modules already initialized, skipping
Refreshing native plugins compatible for Editor in 1.11 ms, found 2 plugins.
Preloading 0 native plugins for Editor in 0.00 ms.
Unloading 1456 Unused Serialized files (Serialized files now loaded: 0)
System memory in use before: 137.6 MB.
System memory in use after: 137.2 MB.

Unloading 16 unused Assets to reduce memory usage. Loaded Objects now: 1995.
Total: 2.646400 ms (FindLiveObjects: 0.168700 ms CreateObjectMapping: 0.056900 ms MarkObjects: 2.066800 ms  DeleteObjects: 0.353000 ms)

AssetImportParameters requested are different than current active one (requested -> active):
  custom:framework-win-MediaFoundation: 216162199b28c13a410421893ffa2e32 -> 
  custom:video-decoder-ogg-theora: a1e56fd34408186e4bbccfd4996cb3dc -> 
  custom:container-muxer-webm: aa71ff27fc2769a1b78a27578f13a17b -> 
  custom:container-demuxer-webm: 4f35f7cbe854078d1ac9338744f61a02 -> 
  custom:container-demuxer-ogg: 62fdf1f143b41e24485cea50d1cbac27 -> 
  custom:video-encoder-webm-vp8: eb34c28f22e8b96e1ab97ce403110664 -> 
  custom:video-codec-MediaFoundation-h265: 746d11721c4dcdbdad8f713fa42b33f4 -> 
  custom:video-decoder-webm-vp8: 9c59270c3fd7afecdb556c50c9e8de78 -> 
  custom:audio-decoder-ogg-vorbis: bf7c407c2cedff20999df2af8eb42d56 -> 
  custom:audio-encoder-webm-vorbis: bf7c407c2cedff20999df2af8eb42d56 -> 
========================================================================
Received Prepare
Registering precompiled user dll's ...
Registered in 0.004032 seconds.
Begin MonoManager ReloadAssembly
Native extension for WindowsStandalone target not found
Refreshing native plugins compatible for Editor in 1.07 ms, found 2 plugins.
Preloading 0 native plugins for Editor in 0.00 ms.
Mono: successfully reloaded assembly
- Completed reload, in  1.119 seconds
Domain Reload Profiling:
	ReloadAssembly (1120ms)
		BeginReloadAssembly (134ms)
			ExecutionOrderSort (0ms)
			DisableScriptedObjects (5ms)
			BackupInstance (0ms)
			ReleaseScriptingObjects (0ms)
			CreateAndSetChildDomain (35ms)
		EndReloadAssembly (924ms)
			LoadAssemblies (109ms)
			RebuildTransferFunctionScriptingTraits (0ms)
			SetupTypeCache (308ms)
			ReleaseScriptCaches (1ms)
			RebuildScriptCaches (47ms)
			SetupLoadedEditorAssemblies (372ms)
				LogAssemblyErrors (0ms)
				InitializePlatformSupportModulesInManaged (6ms)
				SetLoadedEditorAssemblies (1ms)
				RefreshPlugins (1ms)
				BeforeProcessingInitializeOnLoad (85ms)
				ProcessInitializeOnLoadAttributes (271ms)
				ProcessInitializeOnLoadMethodAttributes (4ms)
				AfterProcessingInitializeOnLoad (4ms)
				EditorAssembliesLoaded (0ms)
			ExecutionOrderSort2 (0ms)
			AwakeInstancesAfterBackupRestoration (7ms)
Platform modules already initialized, skipping
Refreshing native plugins compatible for Editor in 1.08 ms, found 2 plugins.
Preloading 0 native plugins for Editor in 0.00 ms.
Unloading 1456 Unused Serialized files (Serialized files now loaded: 0)
System memory in use before: 137.5 MB.
System memory in use after: 137.2 MB.

Unloading 16 unused Assets to reduce memory usage. Loaded Objects now: 1998.
Total: 3.125600 ms (FindLiveObjects: 0.219600 ms CreateObjectMapping: 0.138300 ms MarkObjects: 2.286300 ms  DeleteObjects: 0.480100 ms)

AssetImportParameters requested are different than current active one (requested -> active):
  custom:framework-win-MediaFoundation: 216162199b28c13a410421893ffa2e32 -> 
  custom:video-decoder-ogg-theora: a1e56fd34408186e4bbccfd4996cb3dc -> 
  custom:container-muxer-webm: aa71ff27fc2769a1b78a27578f13a17b -> 
  custom:container-demuxer-webm: 4f35f7cbe854078d1ac9338744f61a02 -> 
  custom:container-demuxer-ogg: 62fdf1f143b41e24485cea50d1cbac27 -> 
  custom:video-encoder-webm-vp8: eb34c28f22e8b96e1ab97ce403110664 -> 
  custom:video-codec-MediaFoundation-h265: 746d11721c4dcdbdad8f713fa42b33f4 -> 
  custom:video-decoder-webm-vp8: 9c59270c3fd7afecdb556c50c9e8de78 -> 
  custom:audio-decoder-ogg-vorbis: bf7c407c2cedff20999df2af8eb42d56 -> 
  custom:audio-encoder-webm-vorbis: bf7c407c2cedff20999df2af8eb42d56 -> 
========================================================================
Received Prepare
Registering precompiled user dll's ...
Registered in 0.004329 seconds.
Begin MonoManager ReloadAssembly
Native extension for WindowsStandalone target not found
Refreshing native plugins compatible for Editor in 1.10 ms, found 2 plugins.
Preloading 0 native plugins for Editor in 0.00 ms.
Mono: successfully reloaded assembly
- Completed reload, in  1.125 seconds
Domain Reload Profiling:
	ReloadAssembly (1126ms)
		BeginReloadAssembly (158ms)
			ExecutionOrderSort (0ms)
			DisableScriptedObjects (6ms)
			BackupInstance (0ms)
			ReleaseScriptingObjects (0ms)
			CreateAndSetChildDomain (43ms)
		EndReloadAssembly (900ms)
			LoadAssemblies (119ms)
			RebuildTransferFunctionScriptingTraits (0ms)
			SetupTypeCache (300ms)
			ReleaseScriptCaches (1ms)
			RebuildScriptCaches (37ms)
			SetupLoadedEditorAssemblies (379ms)
				LogAssemblyErrors (0ms)
				InitializePlatformSupportModulesInManaged (6ms)
				SetLoadedEditorAssemblies (1ms)
				RefreshPlugins (1ms)
				BeforeProcessingInitializeOnLoad (81ms)
				ProcessInitializeOnLoadAttributes (282ms)
				ProcessInitializeOnLoadMethodAttributes (5ms)
				AfterProcessingInitializeOnLoad (4ms)
				EditorAssembliesLoaded (0ms)
			ExecutionOrderSort2 (0ms)
			AwakeInstancesAfterBackupRestoration (7ms)
Platform modules already initialized, skipping
Refreshing native plugins compatible for Editor in 1.12 ms, found 2 plugins.
Preloading 0 native plugins for Editor in 0.00 ms.
Unloading 1456 Unused Serialized files (Serialized files now loaded: 0)
System memory in use before: 137.5 MB.
System memory in use after: 137.2 MB.

Unloading 16 unused Assets to reduce memory usage. Loaded Objects now: 2001.
Total: 4.735100 ms (FindLiveObjects: 0.386100 ms CreateObjectMapping: 0.268600 ms MarkObjects: 3.664000 ms  DeleteObjects: 0.414500 ms)

AssetImportParameters requested are different than current active one (requested -> active):
  custom:framework-win-MediaFoundation: 216162199b28c13a410421893ffa2e32 -> 
  custom:video-decoder-ogg-theora: a1e56fd34408186e4bbccfd4996cb3dc -> 
  custom:container-muxer-webm: aa71ff27fc2769a1b78a27578f13a17b -> 
  custom:container-demuxer-webm: 4f35f7cbe854078d1ac9338744f61a02 -> 
  custom:container-demuxer-ogg: 62fdf1f143b41e24485cea50d1cbac27 -> 
  custom:video-encoder-webm-vp8: eb34c28f22e8b96e1ab97ce403110664 -> 
  custom:video-codec-MediaFoundation-h265: 746d11721c4dcdbdad8f713fa42b33f4 -> 
  custom:video-decoder-webm-vp8: 9c59270c3fd7afecdb556c50c9e8de78 -> 
  custom:audio-decoder-ogg-vorbis: bf7c407c2cedff20999df2af8eb42d56 -> 
  custom:audio-encoder-webm-vorbis: bf7c407c2cedff20999df2af8eb42d56 -> 
========================================================================
Received Prepare
Registering precompiled user dll's ...
Registered in 0.004541 seconds.
Begin MonoManager ReloadAssembly
Native extension for WindowsStandalone target not found
Refreshing native plugins compatible for Editor in 1.84 ms, found 2 plugins.
Preloading 0 native plugins for Editor in 0.00 ms.
Mono: successfully reloaded assembly
- Completed reload, in  1.253 seconds
Domain Reload Profiling:
	ReloadAssembly (1254ms)
		BeginReloadAssembly (123ms)
			ExecutionOrderSort (0ms)
			DisableScriptedObjects (5ms)
			BackupInstance (0ms)
			ReleaseScriptingObjects (0ms)
			CreateAndSetChildDomain (34ms)
		EndReloadAssembly (1065ms)
			LoadAssemblies (110ms)
			RebuildTransferFunctionScriptingTraits (0ms)
			SetupTypeCache (313ms)
			ReleaseScriptCaches (1ms)
			RebuildScriptCaches (53ms)
			SetupLoadedEditorAssemblies (461ms)
				LogAssemblyErrors (0ms)
				InitializePlatformSupportModulesInManaged (7ms)
				SetLoadedEditorAssemblies (1ms)
				RefreshPlugins (2ms)
				BeforeProcessingInitializeOnLoad (105ms)
				ProcessInitializeOnLoadAttributes (336ms)
				ProcessInitializeOnLoadMethodAttributes (5ms)
				AfterProcessingInitializeOnLoad (5ms)
				EditorAssembliesLoaded (0ms)
			ExecutionOrderSort2 (0ms)
			AwakeInstancesAfterBackupRestoration (8ms)
Platform modules already initialized, skipping
Refreshing native plugins compatible for Editor in 1.10 ms, found 2 plugins.
Preloading 0 native plugins for Editor in 0.00 ms.
Unloading 1456 Unused Serialized files (Serialized files now loaded: 0)
System memory in use before: 137.5 MB.
System memory in use after: 137.2 MB.

Unloading 16 unused Assets to reduce memory usage. Loaded Objects now: 2004.
Total: 3.845700 ms (FindLiveObjects: 0.255700 ms CreateObjectMapping: 0.165100 ms MarkObjects: 2.735300 ms  DeleteObjects: 0.686500 ms)

AssetImportParameters requested are different than current active one (requested -> active):
  custom:framework-win-MediaFoundation: 216162199b28c13a410421893ffa2e32 -> 
  custom:video-decoder-ogg-theora: a1e56fd34408186e4bbccfd4996cb3dc -> 
  custom:container-muxer-webm: aa71ff27fc2769a1b78a27578f13a17b -> 
  custom:container-demuxer-webm: 4f35f7cbe854078d1ac9338744f61a02 -> 
  custom:container-demuxer-ogg: 62fdf1f143b41e24485cea50d1cbac27 -> 
  custom:video-encoder-webm-vp8: eb34c28f22e8b96e1ab97ce403110664 -> 
  custom:video-codec-MediaFoundation-h265: 746d11721c4dcdbdad8f713fa42b33f4 -> 
  custom:video-decoder-webm-vp8: 9c59270c3fd7afecdb556c50c9e8de78 -> 
  custom:audio-decoder-ogg-vorbis: bf7c407c2cedff20999df2af8eb42d56 -> 
  custom:audio-encoder-webm-vorbis: bf7c407c2cedff20999df2af8eb42d56 -> 
========================================================================
Received Prepare
Registering precompiled user dll's ...
Registered in 0.004574 seconds.
Begin MonoManager ReloadAssembly
Native extension for WindowsStandalone target not found
Refreshing native plugins compatible for Editor in 0.97 ms, found 2 plugins.
Preloading 0 native plugins for Editor in 0.00 ms.
Mono: successfully reloaded assembly
- Completed reload, in  1.134 seconds
Domain Reload Profiling:
	ReloadAssembly (1134ms)
		BeginReloadAssembly (135ms)
			ExecutionOrderSort (0ms)
			DisableScriptedObjects (4ms)
			BackupInstance (0ms)
			ReleaseScriptingObjects (0ms)
			CreateAndSetChildDomain (36ms)
		EndReloadAssembly (931ms)
			LoadAssemblies (107ms)
			RebuildTransferFunctionScriptingTraits (0ms)
			SetupTypeCache (316ms)
			ReleaseScriptCaches (1ms)
			RebuildScriptCaches (42ms)
			SetupLoadedEditorAssemblies (378ms)
				LogAssemblyErrors (0ms)
				InitializePlatformSupportModulesInManaged (5ms)
				SetLoadedEditorAssemblies (1ms)
				RefreshPlugins (1ms)
				BeforeProcessingInitializeOnLoad (87ms)
				ProcessInitializeOnLoadAttributes (275ms)
				ProcessInitializeOnLoadMethodAttributes (4ms)
				AfterProcessingInitializeOnLoad (3ms)
				EditorAssembliesLoaded (0ms)
			ExecutionOrderSort2 (0ms)
			AwakeInstancesAfterBackupRestoration (8ms)
Platform modules already initialized, skipping
Refreshing native plugins compatible for Editor in 1.44 ms, found 2 plugins.
Preloading 0 native plugins for Editor in 0.00 ms.
Unloading 1456 Unused Serialized files (Serialized files now loaded: 0)
System memory in use before: 137.5 MB.
System memory in use after: 137.2 MB.

Unloading 16 unused Assets to reduce memory usage. Loaded Objects now: 2007.
Total: 2.888400 ms (FindLiveObjects: 0.192000 ms CreateObjectMapping: 0.046900 ms MarkObjects: 2.292800 ms  DeleteObjects: 0.355800 ms)

AssetImportParameters requested are different than current active one (requested -> active):
  custom:framework-win-MediaFoundation: 216162199b28c13a410421893ffa2e32 -> 
  custom:video-decoder-ogg-theora: a1e56fd34408186e4bbccfd4996cb3dc -> 
  custom:container-muxer-webm: aa71ff27fc2769a1b78a27578f13a17b -> 
  custom:container-demuxer-webm: 4f35f7cbe854078d1ac9338744f61a02 -> 
  custom:container-demuxer-ogg: 62fdf1f143b41e24485cea50d1cbac27 -> 
  custom:video-encoder-webm-vp8: eb34c28f22e8b96e1ab97ce403110664 -> 
  custom:video-codec-MediaFoundation-h265: 746d11721c4dcdbdad8f713fa42b33f4 -> 
  custom:video-decoder-webm-vp8: 9c59270c3fd7afecdb556c50c9e8de78 -> 
  custom:audio-decoder-ogg-vorbis: bf7c407c2cedff20999df2af8eb42d56 -> 
  custom:audio-encoder-webm-vorbis: bf7c407c2cedff20999df2af8eb42d56 -> 
========================================================================
Received Prepare
Registering precompiled user dll's ...
Registered in 0.004675 seconds.
Begin MonoManager ReloadAssembly
Native extension for WindowsStandalone target not found
Refreshing native plugins compatible for Editor in 1.02 ms, found 2 plugins.
Preloading 0 native plugins for Editor in 0.00 ms.
Mono: successfully reloaded assembly
- Completed reload, in  1.132 seconds
Domain Reload Profiling:
	ReloadAssembly (1133ms)
		BeginReloadAssembly (133ms)
			ExecutionOrderSort (0ms)
			DisableScriptedObjects (4ms)
			BackupInstance (0ms)
			ReleaseScriptingObjects (0ms)
			CreateAndSetChildDomain (35ms)
		EndReloadAssembly (939ms)
			LoadAssemblies (105ms)
			RebuildTransferFunctionScriptingTraits (0ms)
			SetupTypeCache (306ms)
			ReleaseScriptCaches (1ms)
			RebuildScriptCaches (43ms)
			SetupLoadedEditorAssemblies (391ms)
				LogAssemblyErrors (0ms)
				InitializePlatformSupportModulesInManaged (5ms)
				SetLoadedEditorAssemblies (0ms)
				RefreshPlugins (1ms)
				BeforeProcessingInitializeOnLoad (89ms)
				ProcessInitializeOnLoadAttributes (287ms)
				ProcessInitializeOnLoadMethodAttributes (4ms)
				AfterProcessingInitializeOnLoad (3ms)
				EditorAssembliesLoaded (0ms)
			ExecutionOrderSort2 (0ms)
			AwakeInstancesAfterBackupRestoration (6ms)
Platform modules already initialized, skipping
Refreshing native plugins compatible for Editor in 1.69 ms, found 2 plugins.
Preloading 0 native plugins for Editor in 0.00 ms.
Unloading 1456 Unused Serialized files (Serialized files now loaded: 0)
System memory in use before: 137.5 MB.
System memory in use after: 137.2 MB.

Unloading 16 unused Assets to reduce memory usage. Loaded Objects now: 2010.
Total: 3.230200 ms (FindLiveObjects: 0.215400 ms CreateObjectMapping: 0.109800 ms MarkObjects: 2.428300 ms  DeleteObjects: 0.474800 ms)

AssetImportParameters requested are different than current active one (requested -> active):
  custom:framework-win-MediaFoundation: 216162199b28c13a410421893ffa2e32 -> 
  custom:video-decoder-ogg-theora: a1e56fd34408186e4bbccfd4996cb3dc -> 
  custom:container-muxer-webm: aa71ff27fc2769a1b78a27578f13a17b -> 
  custom:container-demuxer-webm: 4f35f7cbe854078d1ac9338744f61a02 -> 
  custom:container-demuxer-ogg: 62fdf1f143b41e24485cea50d1cbac27 -> 
  custom:video-encoder-webm-vp8: eb34c28f22e8b96e1ab97ce403110664 -> 
  custom:video-codec-MediaFoundation-h265: 746d11721c4dcdbdad8f713fa42b33f4 -> 
  custom:video-decoder-webm-vp8: 9c59270c3fd7afecdb556c50c9e8de78 -> 
  custom:audio-decoder-ogg-vorbis: bf7c407c2cedff20999df2af8eb42d56 -> 
  custom:audio-encoder-webm-vorbis: bf7c407c2cedff20999df2af8eb42d56 -> 
========================================================================
Received Prepare
Registering precompiled user dll's ...
Registered in 0.004200 seconds.
Begin MonoManager ReloadAssembly
Native extension for WindowsStandalone target not found
Refreshing native plugins compatible for Editor in 1.08 ms, found 2 plugins.
Preloading 0 native plugins for Editor in 0.00 ms.
Mono: successfully reloaded assembly
- Completed reload, in  1.084 seconds
Domain Reload Profiling:
	ReloadAssembly (1084ms)
		BeginReloadAssembly (129ms)
			ExecutionOrderSort (0ms)
			DisableScriptedObjects (6ms)
			BackupInstance (0ms)
			ReleaseScriptingObjects (0ms)
			CreateAndSetChildDomain (33ms)
		EndReloadAssembly (897ms)
			LoadAssemblies (97ms)
			RebuildTransferFunctionScriptingTraits (0ms)
			SetupTypeCache (290ms)
			ReleaseScriptCaches (1ms)
			RebuildScriptCaches (43ms)
			SetupLoadedEditorAssemblies (374ms)
				LogAssemblyErrors (0ms)
				InitializePlatformSupportModulesInManaged (5ms)
				SetLoadedEditorAssemblies (0ms)
				RefreshPlugins (1ms)
				BeforeProcessingInitializeOnLoad (85ms)
				ProcessInitializeOnLoadAttributes (272ms)
				ProcessInitializeOnLoadMethodAttributes (7ms)
				AfterProcessingInitializeOnLoad (4ms)
				EditorAssembliesLoaded (0ms)
			ExecutionOrderSort2 (0ms)
			AwakeInstancesAfterBackupRestoration (10ms)
Platform modules already initialized, skipping
Refreshing native plugins compatible for Editor in 1.00 ms, found 2 plugins.
Preloading 0 native plugins for Editor in 0.00 ms.
Unloading 1456 Unused Serialized files (Serialized files now loaded: 0)
System memory in use before: 137.6 MB.
System memory in use after: 137.2 MB.

Unloading 16 unused Assets to reduce memory usage. Loaded Objects now: 2013.
Total: 3.017600 ms (FindLiveObjects: 0.215100 ms CreateObjectMapping: 0.100500 ms MarkObjects: 2.317400 ms  DeleteObjects: 0.383400 ms)

AssetImportParameters requested are different than current active one (requested -> active):
  custom:framework-win-MediaFoundation: 216162199b28c13a410421893ffa2e32 -> 
  custom:video-decoder-ogg-theora: a1e56fd34408186e4bbccfd4996cb3dc -> 
  custom:container-muxer-webm: aa71ff27fc2769a1b78a27578f13a17b -> 
  custom:container-demuxer-webm: 4f35f7cbe854078d1ac9338744f61a02 -> 
  custom:container-demuxer-ogg: 62fdf1f143b41e24485cea50d1cbac27 -> 
  custom:video-encoder-webm-vp8: eb34c28f22e8b96e1ab97ce403110664 -> 
  custom:video-codec-MediaFoundation-h265: 746d11721c4dcdbdad8f713fa42b33f4 -> 
  custom:video-decoder-webm-vp8: 9c59270c3fd7afecdb556c50c9e8de78 -> 
  custom:audio-decoder-ogg-vorbis: bf7c407c2cedff20999df2af8eb42d56 -> 
  custom:audio-encoder-webm-vorbis: bf7c407c2cedff20999df2af8eb42d56 -> 
AssetImportWorkerClient::OnTransportError - code=2 error=End of file
